[2026-01-20T21:09:36.309Z] > command requires scopes: ["email","openid","https://www.googleapis.com/auth/cloudplatformprojects.readonly","https://www.googleapis.com/auth/firebase","https://www.googleapis.com/auth/cloud-platform"]
[2026-01-20T21:09:36.310Z] > authorizing via signed-in user (stephanesawdogo@gmail.com)
[2026-01-20T21:09:36.310Z] [iam] checking project aubeshop-initialisation for permissions ["cloudfunctions.functions.create","cloudfunctions.functions.delete","cloudfunctions.functions.get","cloudfunctions.functions.list","cloudfunctions.functions.update","cloudfunctions.operations.get","datastore.indexes.create","datastore.indexes.delete","datastore.indexes.list","datastore.indexes.update","firebase.projects.get","firebasehosting.sites.update"]
[2026-01-20T21:09:36.311Z] Checked if tokens are valid: true, expires at: 1768944807292
[2026-01-20T21:09:36.311Z] Checked if tokens are valid: true, expires at: 1768944807292
[2026-01-20T21:09:36.312Z] >>> [apiv2][query] POST https://cloudresourcemanager.googleapis.com/v1/projects/aubeshop-initialisation:testIamPermissions [none]
[2026-01-20T21:09:36.312Z] >>> [apiv2][(partial)header] POST https://cloudresourcemanager.googleapis.com/v1/projects/aubeshop-initialisation:testIamPermissions x-goog-quota-user=projects/aubeshop-initialisation
[2026-01-20T21:09:36.312Z] >>> [apiv2][body] POST https://cloudresourcemanager.googleapis.com/v1/projects/aubeshop-initialisation:testIamPermissions {"permissions":["cloudfunctions.functions.create","cloudfunctions.functions.delete","cloudfunctions.functions.get","cloudfunctions.functions.list","cloudfunctions.functions.update","cloudfunctions.operations.get","datastore.indexes.create","datastore.indexes.delete","datastore.indexes.list","datastore.indexes.update","firebase.projects.get","firebasehosting.sites.update"]}
[2026-01-20T21:09:37.352Z] <<< [apiv2][status] POST https://cloudresourcemanager.googleapis.com/v1/projects/aubeshop-initialisation:testIamPermissions 200
[2026-01-20T21:09:37.352Z] <<< [apiv2][body] POST https://cloudresourcemanager.googleapis.com/v1/projects/aubeshop-initialisation:testIamPermissions {"permissions":["cloudfunctions.functions.create","cloudfunctions.functions.delete","cloudfunctions.functions.get","cloudfunctions.functions.list","cloudfunctions.functions.update","cloudfunctions.operations.get","datastore.indexes.create","datastore.indexes.delete","datastore.indexes.list","datastore.indexes.update","firebase.projects.get","firebasehosting.sites.update"]}
[2026-01-20T21:09:37.353Z] Checked if tokens are valid: true, expires at: 1768944807292
[2026-01-20T21:09:37.353Z] Checked if tokens are valid: true, expires at: 1768944807292
[2026-01-20T21:09:37.353Z] >>> [apiv2][query] POST https://iam.googleapis.com/v1/projects/aubeshop-initialisation/serviceAccounts/aubeshop-initialisation@appspot.gserviceaccount.com:testIamPermissions [none]
[2026-01-20T21:09:37.353Z] >>> [apiv2][body] POST https://iam.googleapis.com/v1/projects/aubeshop-initialisation/serviceAccounts/aubeshop-initialisation@appspot.gserviceaccount.com:testIamPermissions {"permissions":["iam.serviceAccounts.actAs"]}
[2026-01-20T21:09:38.381Z] <<< [apiv2][status] POST https://iam.googleapis.com/v1/projects/aubeshop-initialisation/serviceAccounts/aubeshop-initialisation@appspot.gserviceaccount.com:testIamPermissions 200
[2026-01-20T21:09:38.381Z] <<< [apiv2][body] POST https://iam.googleapis.com/v1/projects/aubeshop-initialisation/serviceAccounts/aubeshop-initialisation@appspot.gserviceaccount.com:testIamPermissions {"permissions":["iam.serviceAccounts.actAs"]}
[2026-01-20T21:09:38.382Z] Checked if tokens are valid: true, expires at: 1768944807292
[2026-01-20T21:09:38.382Z] Checked if tokens are valid: true, expires at: 1768944807292
[2026-01-20T21:09:38.383Z] >>> [apiv2][query] GET https://firebase.googleapis.com/v1beta1/projects/aubeshop-initialisation [none]
[2026-01-20T21:09:39.088Z] <<< [apiv2][status] GET https://firebase.googleapis.com/v1beta1/projects/aubeshop-initialisation 200
[2026-01-20T21:09:39.088Z] <<< [apiv2][body] GET https://firebase.googleapis.com/v1beta1/projects/aubeshop-initialisation {"projectId":"aubeshop-initialisation","projectNumber":"651473957516","displayName":"aubeshop-initialisation","name":"projects/aubeshop-initialisation","resources":{"hostingSite":"aubeshop-initialisation"},"state":"ACTIVE","etag":"1_140599fc-70b3-4985-876b-69997ef9680b"}

=== Deploying to 'aubeshop-initialisation'...

i  deploying firestore, functions, hosting 
i  firestore: ensuring required API firestore.googleapis.com is enabled... 
i  firestore: ensuring required API firestore.googleapis.com is enabled... 
[2026-01-20T21:09:39.095Z] Checked if tokens are valid: true, expires at: 1768944807292
[2026-01-20T21:09:39.095Z] Checked if tokens are valid: true, expires at: 1768944807292
[2026-01-20T21:09:39.095Z] >>> [apiv2][query] GET https://firestore.googleapis.com/v1/projects/aubeshop-initialisation/databases/(default) [none]
[2026-01-20T21:09:40.380Z] <<< [apiv2][status] GET https://firestore.googleapis.com/v1/projects/aubeshop-initialisation/databases/(default) 200
[2026-01-20T21:09:40.380Z] <<< [apiv2][body] GET https://firestore.googleapis.com/v1/projects/aubeshop-initialisation/databases/(default) {"name":"projects/aubeshop-initialisation/databases/(default)","uid":"1c161141-c7c8-466c-a54a-9c5e52526c64","createTime":"2026-01-20T21:06:31.330965Z","updateTime":"2026-01-20T21:06:31.330965Z","locationId":"nam5","type":"FIRESTORE_NATIVE","concurrencyMode":"PESSIMISTIC","versionRetentionPeriod":"3600s","earliestVersionTime":"2026-01-20T21:06:31.330965Z","appEngineIntegrationMode":"DISABLED","keyPrefix":"s","pointInTimeRecoveryEnablement":"POINT_IN_TIME_RECOVERY_DISABLED","deleteProtectionState":"DELETE_PROTECTION_DISABLED","databaseEdition":"STANDARD","freeTier":true,"realtimeUpdatesMode":"REALTIME_UPDATES_MODE_ENABLED","etag":"ILOEgs+Dm5IDMODOs8SDm5ID"}
i  firestore: reading indexes from firestore.indexes.json... 
i  cloud.firestore: checking firestore.rules for compilation errors... 
[2026-01-20T21:09:40.383Z] Checked if tokens are valid: true, expires at: 1768944807292
[2026-01-20T21:09:40.383Z] Checked if tokens are valid: true, expires at: 1768944807292
[2026-01-20T21:09:40.383Z] >>> [apiv2][query] POST https://firebaserules.googleapis.com/v1/projects/aubeshop-initialisation:test [none]
[2026-01-20T21:09:40.383Z] >>> [apiv2][body] POST https://firebaserules.googleapis.com/v1/projects/aubeshop-initialisation:test [omitted]
[2026-01-20T21:09:41.420Z] <<< [apiv2][status] POST https://firebaserules.googleapis.com/v1/projects/aubeshop-initialisation:test 200
[2026-01-20T21:09:41.420Z] <<< [apiv2][body] POST https://firebaserules.googleapis.com/v1/projects/aubeshop-initialisation:test {}
+  cloud.firestore: rules file firestore.rules compiled successfully 
[2026-01-20T21:09:41.423Z] Checked if tokens are valid: true, expires at: 1768944807292
[2026-01-20T21:09:41.423Z] Checked if tokens are valid: true, expires at: 1768944807292
[2026-01-20T21:09:41.423Z] >>> [apiv2][query] GET https://cloudresourcemanager.googleapis.com/v1/projects/aubeshop-initialisation [none]
[2026-01-20T21:09:41.698Z] <<< [apiv2][status] GET https://cloudresourcemanager.googleapis.com/v1/projects/aubeshop-initialisation 200
[2026-01-20T21:09:41.699Z] <<< [apiv2][body] GET https://cloudresourcemanager.googleapis.com/v1/projects/aubeshop-initialisation {"projectNumber":"651473957516","projectId":"aubeshop-initialisation","lifecycleState":"ACTIVE","name":"aubeshop-initialisation","labels":{"firebase":"enabled","firebase-core":"disabled"},"createTime":"2026-01-18T19:00:37.880151Z"}
i  functions: preparing codebase default for deployment 
i  functions: ensuring required API cloudfunctions.googleapis.com is enabled... 
i  functions: ensuring required API cloudbuild.googleapis.com is enabled... 
[2026-01-20T21:09:41.704Z] Checked if tokens are valid: true, expires at: 1768944807292
[2026-01-20T21:09:41.704Z] Checked if tokens are valid: true, expires at: 1768944807292
i  artifactregistry: ensuring required API artifactregistry.googleapis.com is enabled... 
[2026-01-20T21:09:41.705Z] Checked if tokens are valid: true, expires at: 1768944807292
[2026-01-20T21:09:41.705Z] Checked if tokens are valid: true, expires at: 1768944807292
[2026-01-20T21:09:41.706Z] >>> [apiv2][query] GET https://serviceusage.googleapis.com/v1/projects/aubeshop-initialisation/services/cloudbuild.googleapis.com [none]
[2026-01-20T21:09:41.706Z] >>> [apiv2][(partial)header] GET https://serviceusage.googleapis.com/v1/projects/aubeshop-initialisation/services/cloudbuild.googleapis.com x-goog-quota-user=projects/aubeshop-initialisation
[2026-01-20T21:09:41.708Z] >>> [apiv2][query] GET https://serviceusage.googleapis.com/v1/projects/aubeshop-initialisation/services/artifactregistry.googleapis.com [none]
[2026-01-20T21:09:41.708Z] >>> [apiv2][(partial)header] GET https://serviceusage.googleapis.com/v1/projects/aubeshop-initialisation/services/artifactregistry.googleapis.com x-goog-quota-user=projects/aubeshop-initialisation
[2026-01-20T21:09:42.939Z] <<< [apiv2][status] GET https://serviceusage.googleapis.com/v1/projects/aubeshop-initialisation/services/cloudbuild.googleapis.com 200
[2026-01-20T21:09:42.939Z] <<< [apiv2][body] GET https://serviceusage.googleapis.com/v1/projects/aubeshop-initialisation/services/cloudbuild.googleapis.com [omitted]
!  functions: missing required API cloudbuild.googleapis.com. Enabling now... 
[2026-01-20T21:09:42.940Z] Checked if tokens are valid: true, expires at: 1768944807292
[2026-01-20T21:09:42.940Z] Checked if tokens are valid: true, expires at: 1768944807292
[2026-01-20T21:09:42.940Z] >>> [apiv2][query] POST https://serviceusage.googleapis.com/v1/projects/aubeshop-initialisation/services/cloudbuild.googleapis.com:enable [none]
[2026-01-20T21:09:42.940Z] >>> [apiv2][(partial)header] POST https://serviceusage.googleapis.com/v1/projects/aubeshop-initialisation/services/cloudbuild.googleapis.com:enable x-goog-quota-user=projects/aubeshop-initialisation
[2026-01-20T21:09:42.944Z] <<< [apiv2][status] GET https://serviceusage.googleapis.com/v1/projects/aubeshop-initialisation/services/artifactregistry.googleapis.com 200
[2026-01-20T21:09:42.945Z] <<< [apiv2][body] GET https://serviceusage.googleapis.com/v1/projects/aubeshop-initialisation/services/artifactregistry.googleapis.com [omitted]
!  artifactregistry: missing required API artifactregistry.googleapis.com. Enabling now... 
[2026-01-20T21:09:42.945Z] Checked if tokens are valid: true, expires at: 1768944807292
[2026-01-20T21:09:42.945Z] Checked if tokens are valid: true, expires at: 1768944807292
[2026-01-20T21:09:42.945Z] >>> [apiv2][query] POST https://serviceusage.googleapis.com/v1/projects/aubeshop-initialisation/services/artifactregistry.googleapis.com:enable [none]
[2026-01-20T21:09:42.945Z] >>> [apiv2][(partial)header] POST https://serviceusage.googleapis.com/v1/projects/aubeshop-initialisation/services/artifactregistry.googleapis.com:enable x-goog-quota-user=projects/aubeshop-initialisation
[2026-01-20T21:09:43.844Z] <<< [apiv2][status] POST https://serviceusage.googleapis.com/v1/projects/aubeshop-initialisation/services/artifactregistry.googleapis.com:enable 400
[2026-01-20T21:09:43.844Z] <<< [apiv2][body] POST https://serviceusage.googleapis.com/v1/projects/aubeshop-initialisation/services/artifactregistry.googleapis.com:enable [omitted]
[2026-01-20T21:09:43.851Z] <<< [apiv2][status] POST https://serviceusage.googleapis.com/v1/projects/aubeshop-initialisation/services/cloudbuild.googleapis.com:enable 400
[2026-01-20T21:09:43.852Z] <<< [apiv2][body] POST https://serviceusage.googleapis.com/v1/projects/aubeshop-initialisation/services/cloudbuild.googleapis.com:enable [omitted]

Error: Your project aubeshop-initialisation must be on the Blaze (pay-as-you-go) plan to complete this command. Required API artifactregistry.googleapis.com can't be enabled until the upgrade is complete. To upgrade, visit the following URL:

https://console.firebase.google.com/project/aubeshop-initialisation/usage/details
